<?xml version="1.0" encoding="UTF-8"?>
<testsuite xmlns:xsi="http://www.w3.org/2001/XMLSchema-instance" xsi:noNamespaceSchemaLocation="https://maven.apache.org/surefire/maven-surefire-plugin/xsd/surefire-test-report.xsd" version="3.0.2" name="fr.quentincillierre.hangman.model.HangmanModelTest" time="0.133" tests="11" errors="0" skipped="0" failures="0">
  <properties>
[...]
</properties>
  <testcase name="testIsWin" classname="fr.quentincillierre.hangman.model.HangmanModelTest" time="0.044"/>
  <testcase name="testTryLetterWithIncorrectLetter" classname="fr.quentincillierre.hangman.model.HangmanModelTest" time="0.004"/>
  <testcase name="testTryLetterWithDuplicate" classname="fr.quentincillierre.hangman.model.HangmanModelTest" time="0.005"/>
  <testcase name="testTryLetterWithCorrectLetter" classname="fr.quentincillierre.hangman.model.HangmanModelTest" time="0.002"/>
  <testcase name="testGetGuessedLetter" classname="fr.quentincillierre.hangman.model.HangmanModelTest" time="0.001"/>
  <testcase name="testTryLetterCaseInsensitive" classname="fr.quentincillierre.hangman.model.HangmanModelTest" time="0.001"/>
  <testcase name="testIsLose" classname="fr.quentincillierre.hangman.model.HangmanModelTest" time="0.003"/>
  <testcase name="testIsWinWithPartialGuess" classname="fr.quentincillierre.hangman.model.HangmanModelTest" time="0.002"/>
  <testcase name="testGetHiddenWord" classname="fr.quentincillierre.hangman.model.HangmanModelTest" time="0.002"/>
  <testcase name="testMaxWrongGuesses" classname="fr.quentincillierre.hangman.model.HangmanModelTest" time="0.002"/>
  <testcase name="testConstructor" classname="fr.quentincillierre.hangman.model.HangmanModelTest" time="0.005"/>
</testsuite>